{
  "RSpec": {
    "coverage": {
      "/Users/BradleySheehan/Documents/projects/artistic_streets/app/controllers/I18n_controller.rb": [
        1,
        1,
        0,
        0,
        null,
        null
      ],
      "/Users/BradleySheehan/Documents/projects/artistic_streets/app/controllers/application_controller.rb": [
        1,
        1,
        null,
        1,
        null,
        1,
        null,
        1,
        5,
        null,
        null
      ],
      "/Users/BradleySheehan/Documents/projects/artistic_streets/app/helpers/application_helper.rb": [
        1,
        null
      ],
      "/Users/BradleySheehan/Documents/projects/artistic_streets/app/helpers/arts_helper.rb": [
        1,
        null,
        1,
        null,
        1,
        1,
        null,
        null,
        1,
        null,
        0,
        0,
        null,
        null,
        1,
        null,
        null,
        null,
        null,
        null,
        0,
        null,
        null,
        null,
        null,
        null,
        null,
        null,
        null,
        null,
        null,
        null,
        null
      ],
      "/Users/BradleySheehan/Documents/projects/artistic_streets/app/helpers/contributions_helper.rb": [
        1,
        null
      ],
      "/Users/BradleySheehan/Documents/projects/artistic_streets/app/controllers/arts_controller.rb": [
        1,
        null,
        1,
        1,
        1,
        1,
        null,
        0,
        null,
        1,
        null,
        null,
        1,
        0,
        0,
        null,
        null,
        1,
        2,
        2,
        null,
        null,
        1,
        1,
        null,
        1,
        1,
        1,
        null,
        0,
        null,
        null,
        null,
        null,
        null,
        null,
        null,
        null,
        null,
        null,
        null,
        null,
        null,
        null,
        null,
        null
      ],
      "/Users/BradleySheehan/Documents/projects/artistic_streets/app/models/art.rb": [
        1,
        1,
        null,
        1,
        1,
        1,
        null,
        1,
        null,
        1,
        null,
        null
      ],
      "/Users/BradleySheehan/Documents/projects/artistic_streets/app/controllers/locations_controller.rb": [
        1,
        null,
        1,
        0,
        null,
        null,
        1,
        0,
        null,
        null,
        null
      ],
      "/Users/BradleySheehan/Documents/projects/artistic_streets/app/models/location.rb": [
        1,
        1,
        null,
        1,
        null,
        1,
        1,
        null
      ]
    },
    "timestamp": 1370530273
  },
  "Cucumber Features": {
    "coverage": {
      "/Users/BradleySheehan/Documents/projects/artistic_streets/app/controllers/application_controller.rb": [
        1,
        1,
        null,
        1,
        null,
        1,
        null,
        1,
        5,
        null,
        null
      ],
      "/Users/BradleySheehan/Documents/projects/artistic_streets/app/helpers/application_helper.rb": [
        1,
        null
      ],
      "/Users/BradleySheehan/Documents/projects/artistic_streets/app/helpers/arts_helper.rb": [
        1,
        null,
        1,
        2,
        null,
        null,
        1,
        1,
        1,
        null,
        null,
        null,
        null
      ],
      "/Users/BradleySheehan/Documents/projects/artistic_streets/app/helpers/contributions_helper.rb": [
        1,
        null
      ],
      "/Users/BradleySheehan/Documents/projects/artistic_streets/app/controllers/arts_controller.rb": [
        1,
        null,
        1,
        1,
        null,
        null,
        1,
        0,
        0,
        null,
        null,
        1,
        2,
        2,
        null,
        null,
        1,
        1,
        null,
        1,
        1,
        1,
        null,
        0,
        null,
        null,
        null,
        null,
        null
      ],
      "/Users/BradleySheehan/Documents/projects/artistic_streets/app/models/art.rb": [
        1,
        1,
        null,
        1,
        1,
        1,
        null,
        1,
        null
      ],
      "/Users/BradleySheehan/Documents/projects/artistic_streets/app/controllers/locations_controller.rb": [
        1,
        null,
        1,
        0,
        null,
        null,
        1,
        0,
        null,
        null,
        null
      ],
      "/Users/BradleySheehan/Documents/projects/artistic_streets/app/models/location.rb": [
        1,
        1,
        null,
        1,
        null,
        1,
        1,
        null
      ]
    },
    "timestamp": 1370216303
  }
}
